Requirement already satisfied: matplotlib in /home/ch225092/.conda/envs/james/lib/python3.7/site-packages (from -r requirements.txt (line 1)) (3.4.2)
Requirement already satisfied: nibabel in /home/ch225092/.local/lib/python3.7/site-packages (from -r requirements.txt (line 2)) (3.2.1)
Requirement already satisfied: numpy in /home/ch225092/.conda/envs/james/lib/python3.7/site-packages (from -r requirements.txt (line 3)) (1.20.3)
Requirement already satisfied: pandas in /home/ch225092/.local/lib/python3.7/site-packages (from -r requirements.txt (line 4)) (1.2.4)
Requirement already satisfied: scikit-learn in /home/ch225092/.local/lib/python3.7/site-packages (from -r requirements.txt (line 5)) (0.24.2)
Requirement already satisfied: scipy in /home/ch225092/.local/lib/python3.7/site-packages (from -r requirements.txt (line 6)) (1.6.3)
Requirement already satisfied: torch==1.4.0 in /home/ch225092/.local/lib/python3.7/site-packages (from -r requirements.txt (line 7)) (1.4.0)
Requirement already satisfied: torchvision==0.5.0 in /home/ch225092/.local/lib/python3.7/site-packages (from -r requirements.txt (line 8)) (0.5.0)
Requirement already satisfied: tqdm in /home/ch225092/.conda/envs/james/lib/python3.7/site-packages (from -r requirements.txt (line 9)) (4.61.0)
Requirement already satisfied: six in /home/ch225092/.conda/envs/james/lib/python3.7/site-packages (from torchvision==0.5.0->-r requirements.txt (line 8)) (1.16.0)
Requirement already satisfied: pillow>=4.1.1 in /home/ch225092/.conda/envs/james/lib/python3.7/site-packages (from torchvision==0.5.0->-r requirements.txt (line 8)) (8.2.0)
Requirement already satisfied: kiwisolver>=1.0.1 in /home/ch225092/.conda/envs/james/lib/python3.7/site-packages (from matplotlib->-r requirements.txt (line 1)) (1.3.1)
Requirement already satisfied: cycler>=0.10 in /home/ch225092/.conda/envs/james/lib/python3.7/site-packages (from matplotlib->-r requirements.txt (line 1)) (0.10.0)
Requirement already satisfied: pyparsing>=2.2.1 in /home/ch225092/.conda/envs/james/lib/python3.7/site-packages (from matplotlib->-r requirements.txt (line 1)) (2.4.7)
Requirement already satisfied: python-dateutil>=2.7 in /home/ch225092/.conda/envs/james/lib/python3.7/site-packages (from matplotlib->-r requirements.txt (line 1)) (2.8.1)
Requirement already satisfied: packaging>=14.3 in /home/ch225092/.conda/envs/james/lib/python3.7/site-packages (from nibabel->-r requirements.txt (line 2)) (20.9)
Requirement already satisfied: pytz>=2017.3 in /home/ch225092/.local/lib/python3.7/site-packages (from pandas->-r requirements.txt (line 4)) (2021.1)
Requirement already satisfied: joblib>=0.11 in /home/ch225092/.local/lib/python3.7/site-packages (from scikit-learn->-r requirements.txt (line 5)) (1.0.1)
Requirement already satisfied: threadpoolctl>=2.0.0 in /home/ch225092/.local/lib/python3.7/site-packages (from scikit-learn->-r requirements.txt (line 5)) (2.1.0)
using cuda: cuda
batch size: 16
Traceback (most recent call last):
  File "trainJames.py", line 225, in <module>
    modeltrn = MRIage()
  File "trainJames.py", line 90, in __init__
    basedir = 'e2-GLTransformer2D-slice80-modality-'+self.modalty1
AttributeError: 'MRIage' object has no attribute 'modalty1'
